#
# There is insufficient memory for the Java Runtime Environment to continue.
# Native memory allocation (malloc) failed to allocate 1584816 bytes for Chunk::new
# Possible reasons:
#   The system is out of physical RAM or swap space
#   The process is running with CompressedOops enabled, and the Java Heap may be blocking the growth of the native heap
# Possible solutions:
#   Reduce memory load on the system
#   Increase physical memory or swap space
#   Check if swap backing store is full
#   Decrease Java heap size (-Xmx/-Xms)
#   Decrease number of Java threads
#   Decrease Java thread stack sizes (-Xss)
#   Set larger code cache with -XX:ReservedCodeCacheSize=
#   JVM is running with Unscaled Compressed Oops mode in which the Java heap is
#     placed in the first 4GB address space. The Java Heap base address is the
#     maximum limit for the native heap growth. Please use -XX:HeapBaseMinAddress
#     to set the Java Heap base and to place the Java Heap above 4GB virtual address.
# This output file may be truncated or incomplete.
#
#  Out of Memory Error (allocation.cpp:389), pid=8324, tid=0x00000000000028f8
#
# JRE version: OpenJDK Runtime Environment (8.0_382-b05) (build 1.8.0_382-b05)
# Java VM: OpenJDK 64-Bit Server VM (25.382-b05 mixed mode windows-amd64 compressed oops)
# Failed to write core dump. Minidumps are not enabled by default on client versions of Windows
#

---------------  T H R E A D  ---------------

Current thread (0x00000216fa301000):  JavaThread "C2 CompilerThread0" daemon [_thread_in_native, id=10488, stack(0x0000008c8f700000,0x0000008c8f800000)]

Stack: [0x0000008c8f700000,0x0000008c8f800000]
[error occurred during error reporting (printing stack bounds), id 0xc0000005]

Native frames: (J=compiled Java code, j=interpreted, Vv=VM code, C=native code)


Current CompileTask:
C2:   7887 1357   !   4       java.net.URLClassLoader$1::run (81 bytes)


---------------  P R O C E S S  ---------------

Java Threads: ( => current thread )
  0x00000216fbb79000 JavaThread "File lock request listener" [_thread_in_native, id=8528, stack(0x0000008c90500000,0x0000008c90600000)]
  0x00000216fc57a800 JavaThread "Cache worker for file hash cache (C:\Users\Abhi\.gradle\caches\3.5\fileHashes)" [_thread_blocked, id=10460, stack(0x0000008c90400000,0x0000008c90500000)]
  0x00000216faefb800 JavaThread "Stdin handler" [_thread_blocked, id=10456, stack(0x0000008c90300000,0x0000008c90400000)]
  0x00000216fbb0a800 JavaThread "Asynchronous log dispatcher for DefaultDaemonConnection: socket connection from /127.0.0.1:64983 to /127.0.0.1:64984" [_thread_blocked, id=6836, stack(0x0000008c90200000,0x0000008c90300000)]
  0x00000216fbb09800 JavaThread "Daemon worker" [_thread_in_native, id=9292, stack(0x0000008c90100000,0x0000008c90200000)]
  0x00000216fb9d9800 JavaThread "Cancel handler" [_thread_blocked, id=8188, stack(0x0000008c90000000,0x0000008c90100000)]
  0x00000216fb9d6800 JavaThread "Handler for socket connection from /127.0.0.1:64983 to /127.0.0.1:64984" [_thread_in_native, id=10952, stack(0x0000008c8ff00000,0x0000008c90000000)]
  0x00000216fc3f4800 JavaThread "Daemon" [_thread_blocked, id=9996, stack(0x0000008c8fe00000,0x0000008c8ff00000)]
  0x00000216faf83000 JavaThread "Daemon periodic checks" [_thread_blocked, id=9972, stack(0x0000008c8fd00000,0x0000008c8fe00000)]
  0x00000216fb838000 JavaThread "Incoming local TCP Connector on port 64983" [_thread_in_native, id=9824, stack(0x0000008c8fc00000,0x0000008c8fd00000)]
  0x00000216fa374800 JavaThread "Service Thread" daemon [_thread_blocked, id=3444, stack(0x0000008c8fa00000,0x0000008c8fb00000)]
  0x00000216fa2f9000 JavaThread "C1 CompilerThread2" daemon [_thread_blocked, id=9536, stack(0x0000008c8f900000,0x0000008c8fa00000)]
  0x00000216fa2f8000 JavaThread "C2 CompilerThread1" daemon [_thread_in_native, id=10688, stack(0x0000008c8f800000,0x0000008c8f900000)]
=>0x00000216fa301000 JavaThread "C2 CompilerThread0" daemon [_thread_in_native, id=10488, stack(0x0000008c8f700000,0x0000008c8f800000)]
  0x00000216fa2de000 JavaThread "Attach Listener" daemon [_thread_blocked, id=8952, stack(0x0000008c8f600000,0x0000008c8f700000)]
  0x00000216fa2dd000 JavaThread "Signal Dispatcher" daemon [_thread_blocked, id=10704, stack(0x0000008c8f500000,0x0000008c8f600000)]
  0x00000216f9b97000 JavaThread "Finalizer" daemon [_thread_blocked, id=10604, stack(0x0000008c8f400000,0x0000008c8f500000)]
  0x00000216f9b90800 JavaThread "Reference Handler" daemon [_thread_blocked, id=10976, stack(0x0000008c8f300000,0x0000008c8f400000)]
  0x00000216e5f76800 JavaThread "main" [_thread_blocked, id=6600, stack(0x0000008c8ed00000,0x0000008c8ee00000)]

Other Threads:
  0x00000216fa2a3000 VMThread [stack: 0x0000008c8f200000,0x0000008c8f300000] [id=10340]
  0x00000216fa391800 WatcherThread [stack: 0x0000008c8fb00000,0x0000008c8fc00000] [id=9816]

VM state:not at safepoint (normal execution)

VM Mutex/Monitor currently owned by a thread: None

heap address: 0x00000000c0000000, size: 1024 MB, Compressed Oops mode: 32-bit
Narrow klass base: 0x0000000000000000, Narrow klass shift: 3
Compressed class space size: 1073741824 Address: 0x0000000100000000

Heap:
 PSYoungGen      total 45056K, used 15911K [0x00000000eab00000, 0x00000000edd00000, 0x0000000100000000)
  eden space 40448K, 29% used [0x00000000eab00000,0x00000000eb6be350,0x00000000ed280000)
  from space 4608K, 84% used [0x00000000ed780000,0x00000000edb4bbe8,0x00000000edc00000)
  to   space 5120K, 0% used [0x00000000ed280000,0x00000000ed280000,0x00000000ed780000)
 ParOldGen       total 27648K, used 5835K [0x00000000c0000000, 0x00000000c1b00000, 0x00000000eab00000)
  object space 27648K, 21% used [0x00000000c0000000,0x00000000c05b2cc0,0x00000000c1b00000)
 Metaspace       used 15107K, capacity 15374K, committed 15616K, reserved 1062912K
  class space    used 2132K, capacity 2219K, committed 2304K, reserved 1048576K

Card table byte_map: [0x00000216f6d10000,0x00000216f6f20000] byte_map_base: 0x00000216f6710000

Marking Bits: (ParMarkBitMap*) 0x0000000057ac6850
 Begin Bits: [0x00000216f7080000, 0x00000216f8080000)
 End Bits:   [0x00000216f8080000, 0x00000216f9080000)

Polling page: 0x00000216e7920000

CodeCache: size=245760Kb used=4984Kb max_used=4984Kb free=240775Kb
 bounds [0x00000216e7950000, 0x00000216e7e30000, 0x00000216f6950000]
 total_blobs=1768 nmethods=1398 adapters=282
 compilation: enabled

Compilation events (10 events):
Event: 7.722 Thread 0x00000216fa2f9000 1395       3       org.gradle.internal.service.DefaultServiceRegistry$DefaultLookupContext$4::apply (13 bytes)
Event: 7.723 Thread 0x00000216fa2f9000 nmethod 1395 0x00000216e7e2c290 code [0x00000216e7e2c420, 0x00000216e7e2c930]
Event: 7.723 Thread 0x00000216fa2f9000 1396       3       org.gradle.internal.service.DefaultServiceRegistry$DefaultLookupContext$4::apply (12 bytes)
Event: 7.723 Thread 0x00000216fa2f9000 nmethod 1396 0x00000216e7e2ca90 code [0x00000216e7e2cc00, 0x00000216e7e2ce30]
Event: 7.753 Thread 0x00000216fa2f9000 1397       3       java.io.WinNTFileSystem::parentOrNull (171 bytes)
Event: 7.755 Thread 0x00000216fa2f9000 nmethod 1397 0x00000216e7e2cf10 code [0x00000216e7e2d140, 0x00000216e7e2dec0]
Event: 7.755 Thread 0x00000216fa2f9000 1398       1       java.security.Permission::getName (5 bytes)
Event: 7.756 Thread 0x00000216fa2f9000 nmethod 1398 0x00000216e7e2e3d0 code [0x00000216e7e2e520, 0x00000216e7e2e638]
Event: 7.768 Thread 0x00000216fa2f9000 1399       3       java.lang.Class::cast (27 bytes)
Event: 7.769 Thread 0x00000216fa2f9000 nmethod 1399 0x00000216e7e2e690 code [0x00000216e7e2e820, 0x00000216e7e2eba0]

GC Heap History (10 events):
Event: 2.093 GC heap before
{Heap before GC invocations=2 (full 0):
 PSYoungGen      total 11776K, used 11760K [0x00000000eab00000, 0x00000000eb800000, 0x0000000100000000)
  eden space 10240K, 100% used [0x00000000eab00000,0x00000000eb500000,0x00000000eb500000)
  from space 1536K, 98% used [0x00000000eb500000,0x00000000eb67c010,0x00000000eb680000)
  to   space 1536K, 0% used [0x00000000eb680000,0x00000000eb680000,0x00000000eb800000)
 ParOldGen       total 27648K, used 462K [0x00000000c0000000, 0x00000000c1b00000, 0x00000000eab00000)
  object space 27648K, 1% used [0x00000000c0000000,0x00000000c0073828,0x00000000c1b00000)
 Metaspace       used 7021K, capacity 7112K, committed 7424K, reserved 1056768K
  class space    used 879K, capacity 920K, committed 1024K, reserved 1048576K
Event: 2.098 GC heap after
Heap after GC invocations=2 (full 0):
 PSYoungGen      total 11776K, used 1520K [0x00000000eab00000, 0x00000000eb800000, 0x0000000100000000)
  eden space 10240K, 0% used [0x00000000eab00000,0x00000000eab00000,0x00000000eb500000)
  from space 1536K, 98% used [0x00000000eb680000,0x00000000eb7fc010,0x00000000eb800000)
  to   space 1536K, 0% used [0x00000000eb500000,0x00000000eb500000,0x00000000eb680000)
 ParOldGen       total 27648K, used 1954K [0x00000000c0000000, 0x00000000c1b00000, 0x00000000eab00000)
  object space 27648K, 7% used [0x00000000c0000000,0x00000000c01e8be0,0x00000000c1b00000)
 Metaspace       used 7021K, capacity 7112K, committed 7424K, reserved 1056768K
  class space    used 879K, capacity 920K, committed 1024K, reserved 1048576K
}
Event: 2.320 GC heap before
{Heap before GC invocations=3 (full 0):
 PSYoungGen      total 11776K, used 11760K [0x00000000eab00000, 0x00000000eb800000, 0x0000000100000000)
  eden space 10240K, 100% used [0x00000000eab00000,0x00000000eb500000,0x00000000eb500000)
  from space 1536K, 98% used [0x00000000eb680000,0x00000000eb7fc010,0x00000000eb800000)
  to   space 1536K, 0% used [0x00000000eb500000,0x00000000eb500000,0x00000000eb680000)
 ParOldGen       total 27648K, used 1954K [0x00000000c0000000, 0x00000000c1b00000, 0x00000000eab00000)
  object space 27648K, 7% used [0x00000000c0000000,0x00000000c01e8be0,0x00000000c1b00000)
 Metaspace       used 7175K, capacity 7336K, committed 7424K, reserved 1056768K
  class space    used 887K, capacity 952K, committed 1024K, reserved 1048576K
Event: 2.325 GC heap after
Heap after GC invocations=3 (full 0):
 PSYoungGen      total 11776K, used 1504K [0x00000000eab00000, 0x00000000ec200000, 0x0000000100000000)
  eden space 10240K, 0% used [0x00000000eab00000,0x00000000eab00000,0x00000000eb500000)
  from space 1536K, 97% used [0x00000000eb500000,0x00000000eb678020,0x00000000eb680000)
  to   space 1536K, 0% used [0x00000000ec080000,0x00000000ec080000,0x00000000ec200000)
 ParOldGen       total 27648K, used 2244K [0x00000000c0000000, 0x00000000c1b00000, 0x00000000eab00000)
  object space 27648K, 8% used [0x00000000c0000000,0x00000000c0231180,0x00000000c1b00000)
 Metaspace       used 7175K, capacity 7336K, committed 7424K, reserved 1056768K
  class space    used 887K, capacity 952K, committed 1024K, reserved 1048576K
}
Event: 2.570 GC heap before
{Heap before GC invocations=4 (full 0):
 PSYoungGen      total 11776K, used 11744K [0x00000000eab00000, 0x00000000ec200000, 0x0000000100000000)
  eden space 10240K, 100% used [0x00000000eab00000,0x00000000eb500000,0x00000000eb500000)
  from space 1536K, 97% used [0x00000000eb500000,0x00000000eb678020,0x00000000eb680000)
  to   space 1536K, 0% used [0x00000000ec080000,0x00000000ec080000,0x00000000ec200000)
 ParOldGen       total 27648K, used 2244K [0x00000000c0000000, 0x00000000c1b00000, 0x00000000eab00000)
  object space 27648K, 8% used [0x00000000c0000000,0x00000000c0231180,0x00000000c1b00000)
 Metaspace       used 7347K, capacity 7520K, committed 7680K, reserved 1056768K
  class space    used 911K, capacity 992K, committed 1024K, reserved 1048576K
Event: 2.577 GC heap after
Heap after GC invocations=4 (full 0):
 PSYoungGen      total 22016K, used 1520K [0x00000000eab00000, 0x00000000ec200000, 0x0000000100000000)
  eden space 20480K, 0% used [0x00000000eab00000,0x00000000eab00000,0x00000000ebf00000)
  from space 1536K, 98% used [0x00000000ec080000,0x00000000ec1fc010,0x00000000ec200000)
  to   space 1536K, 0% used [0x00000000ebf00000,0x00000000ebf00000,0x00000000ec080000)
 ParOldGen       total 27648K, used 3104K [0x00000000c0000000, 0x00000000c1b00000, 0x00000000eab00000)
  object space 27648K, 11% used [0x00000000c0000000,0x00000000c03083b8,0x00000000c1b00000)
 Metaspace       used 7347K, capacity 7520K, committed 7680K, reserved 1056768K
  class space    used 911K, capacity 992K, committed 1024K, reserved 1048576K
}
Event: 6.006 GC heap before
{Heap before GC invocations=5 (full 0):
 PSYoungGen      total 22016K, used 22000K [0x00000000eab00000, 0x00000000ec200000, 0x0000000100000000)
  eden space 20480K, 100% used [0x00000000eab00000,0x00000000ebf00000,0x00000000ebf00000)
  from space 1536K, 98% used [0x00000000ec080000,0x00000000ec1fc010,0x00000000ec200000)
  to   space 1536K, 0% used [0x00000000ebf00000,0x00000000ebf00000,0x00000000ec080000)
 ParOldGen       total 27648K, used 3104K [0x00000000c0000000, 0x00000000c1b00000, 0x00000000eab00000)
  object space 27648K, 11% used [0x00000000c0000000,0x00000000c03083b8,0x00000000c1b00000)
 Metaspace       used 11849K, capacity 12200K, committed 12544K, reserved 1060864K
  class space    used 1569K, capacity 1690K, committed 1792K, reserved 1048576K
Event: 6.019 GC heap after
Heap after GC invocations=5 (full 0):
 PSYoungGen      total 22016K, used 1504K [0x00000000eab00000, 0x00000000edc00000, 0x0000000100000000)
  eden space 20480K, 0% used [0x00000000eab00000,0x00000000eab00000,0x00000000ebf00000)
  from space 1536K, 97% used [0x00000000ebf00000,0x00000000ec078020,0x00000000ec080000)
  to   space 4608K, 0% used [0x00000000ed780000,0x00000000ed780000,0x00000000edc00000)
 ParOldGen       total 27648K, used 5835K [0x00000000c0000000, 0x00000000c1b00000, 0x00000000eab00000)
  object space 27648K, 21% used [0x00000000c0000000,0x00000000c05b2cc0,0x00000000c1b00000)
 Metaspace       used 11849K, capacity 12200K, committed 12544K, reserved 1060864K
  class space    used 1569K, capacity 1690K, committed 1792K, reserved 1048576K
}
Event: 6.729 GC heap before
{Heap before GC invocations=6 (full 0):
 PSYoungGen      total 22016K, used 21984K [0x00000000eab00000, 0x00000000edc00000, 0x0000000100000000)
  eden space 20480K, 100% used [0x00000000eab00000,0x00000000ebf00000,0x00000000ebf00000)
  from space 1536K, 97% used [0x00000000ebf00000,0x00000000ec078020,0x00000000ec080000)
  to   space 4608K, 0% used [0x00000000ed780000,0x00000000ed780000,0x00000000edc00000)
 ParOldGen       total 27648K, used 5835K [0x00000000c0000000, 0x00000000c1b00000, 0x00000000eab00000)
  object space 27648K, 21% used [0x00000000c0000000,0x00000000c05b2cc0,0x00000000c1b00000)
 Metaspace       used 13678K, capacity 13966K, committed 14080K, reserved 1060864K
  class space    used 1909K, capacity 2027K, committed 2048K, reserved 1048576K
Event: 6.742 GC heap after
Heap after GC invocations=6 (full 0):
 PSYoungGen      total 45056K, used 3886K [0x00000000eab00000, 0x00000000edd00000, 0x0000000100000000)
  eden space 40448K, 0% used [0x00000000eab00000,0x00000000eab00000,0x00000000ed280000)
  from space 4608K, 84% used [0x00000000ed780000,0x00000000edb4bbe8,0x00000000edc00000)
  to   space 5120K, 0% used [0x00000000ed280000,0x00000000ed280000,0x00000000ed780000)
 ParOldGen       total 27648K, used 5835K [0x00000000c0000000, 0x00000000c1b00000, 0x00000000eab00000)
  object space 27648K, 21% used [0x00000000c0000000,0x00000000c05b2cc0,0x00000000c1b00000)
 Metaspace       used 13678K, capacity 13966K, committed 14080K, reserved 1060864K
  class space    used 1909K, capacity 2027K, committed 2048K, reserved 1048576K
}

Deoptimization events (10 events):
Event: 3.745 Thread 0x00000216e5f76800 Uncommon trap: reason=unstable_if action=reinterpret pc=0x00000216e7c09a1c method=java.lang.String.substring(I)Ljava/lang/String; @ 35
Event: 4.123 Thread 0x00000216e5f76800 Uncommon trap: reason=unstable_if action=reinterpret pc=0x00000216e7bc2744 method=java.util.HashMap.getNode(ILjava/lang/Object;)Ljava/util/HashMap$Node; @ 129
Event: 4.123 Thread 0x00000216e5f76800 Uncommon trap: reason=bimorphic action=maybe_recompile pc=0x00000216e7bfd88c method=java.util.HashMap.putVal(ILjava/lang/Object;Ljava/lang/Object;ZZ)Ljava/lang/Object; @ 203
Event: 4.123 Thread 0x00000216e5f76800 Uncommon trap: reason=unstable_if action=reinterpret pc=0x00000216e7b98550 method=java.util.HashMap.getNode(ILjava/lang/Object;)Ljava/util/HashMap$Node; @ 129
Event: 4.123 Thread 0x00000216e5f76800 Uncommon trap: reason=bimorphic action=maybe_recompile pc=0x00000216e7bfd88c method=java.util.HashMap.putVal(ILjava/lang/Object;Ljava/lang/Object;ZZ)Ljava/lang/Object; @ 203
Event: 6.090 Thread 0x00000216fbb09800 Uncommon trap: reason=bimorphic action=maybe_recompile pc=0x00000216e7bfcca4 method=java.util.HashMap.putVal(ILjava/lang/Object;Ljava/lang/Object;ZZ)Ljava/lang/Object; @ 253
Event: 6.090 Thread 0x00000216fbb09800 Uncommon trap: reason=bimorphic action=maybe_recompile pc=0x00000216e7bfcca4 method=java.util.HashMap.putVal(ILjava/lang/Object;Ljava/lang/Object;ZZ)Ljava/lang/Object; @ 253
Event: 6.424 Thread 0x00000216fbb09800 Uncommon trap: reason=class_check action=maybe_recompile pc=0x00000216e7be0954 method=java.util.regex.Matcher.match(II)Z @ 86
Event: 6.451 Thread 0x00000216fbb09800 Uncommon trap: reason=class_check action=maybe_recompile pc=0x00000216e7be0954 method=java.util.regex.Matcher.match(II)Z @ 86
Event: 7.483 Thread 0x00000216fbb09800 Uncommon trap: reason=unstable_if action=reinterpret pc=0x00000216e7e1671c method=java.util.jar.JarFile.maybeInstantiateVerifier()V @ 21

Classes redefined (0 events):
No events

Internal exceptions (10 events):
Event: 5.991 Thread 0x00000216fb9d6800 Exception <a 'java/lang/NoSuchMethodError': <clinit>> (0x00000000ebeaaae8) thrown at [C:\wsjdk\Corretto8Src\installers\windows\zip\corretto-build\buildRoot\hotspot\src\share\vm\prims\jni.cpp, line 1614]
Event: 5.993 Thread 0x00000216fb9d6800 Exception <a 'java/lang/NoSuchMethodError': <clinit>> (0x00000000ebeb4a40) thrown at [C:\wsjdk\Corretto8Src\installers\windows\zip\corretto-build\buildRoot\hotspot\src\share\vm\prims\jni.cpp, line 1614]
Event: 6.030 Thread 0x00000216fb9d6800 Exception <a 'java/lang/NoSuchMethodError': <clinit>> (0x00000000eab31af8) thrown at [C:\wsjdk\Corretto8Src\installers\windows\zip\corretto-build\buildRoot\hotspot\src\share\vm\prims\jni.cpp, line 1614]
Event: 6.033 Thread 0x00000216fb9d6800 Exception <a 'java/lang/NoSuchMethodError': <clinit>> (0x00000000eab3ef70) thrown at [C:\wsjdk\Corretto8Src\installers\windows\zip\corretto-build\buildRoot\hotspot\src\share\vm\prims\jni.cpp, line 1614]
Event: 6.040 Thread 0x00000216fb9d6800 Exception <a 'java/lang/NoSuchMethodError': <clinit>> (0x00000000eab6f480) thrown at [C:\wsjdk\Corretto8Src\installers\windows\zip\corretto-build\buildRoot\hotspot\src\share\vm\prims\jni.cpp, line 1614]
Event: 6.043 Thread 0x00000216fb9d6800 Exception <a 'java/lang/NoSuchMethodError': <clinit>> (0x00000000eab7d098) thrown at [C:\wsjdk\Corretto8Src\installers\windows\zip\corretto-build\buildRoot\hotspot\src\share\vm\prims\jni.cpp, line 1614]
Event: 6.049 Thread 0x00000216fb9d6800 Exception <a 'java/lang/NoSuchMethodError': <clinit>> (0x00000000eab9f078) thrown at [C:\wsjdk\Corretto8Src\installers\windows\zip\corretto-build\buildRoot\hotspot\src\share\vm\prims\jni.cpp, line 1614]
Event: 6.073 Thread 0x00000216fbb09800 Exception <a 'java/lang/NoSuchMethodError': <clinit>> (0x00000000eaca44d0) thrown at [C:\wsjdk\Corretto8Src\installers\windows\zip\corretto-build\buildRoot\hotspot\src\share\vm\prims\jni.cpp, line 1614]
Event: 6.075 Thread 0x00000216fbb09800 Exception <a 'java/lang/NoSuchMethodError': <clinit>> (0x00000000eacac5e8) thrown at [C:\wsjdk\Corretto8Src\installers\windows\zip\corretto-build\buildRoot\hotspot\src\share\vm\prims\jni.cpp, line 1614]
Event: 7.483 Thread 0x00000216fbb09800 Implicit null exception at 0x00000216e7e1633b to 0x00000216e7e1670d

Events (10 events):
Event: 7.769 loading class org/gradle/groovy/scripts/internal/BuildScriptDataSerializer
Event: 7.769 loading class org/gradle/groovy/scripts/internal/BuildScriptDataSerializer done
Event: 7.780 loading class org/gradle/plugin/management/internal/PluginRequestsSerializer
Event: 7.780 loading class org/gradle/plugin/management/internal/PluginRequestsSerializer done
Event: 7.780 loading class org/gradle/plugin/management/internal/PluginRequests
Event: 7.780 loading class org/gradle/plugin/management/internal/PluginRequests done
Event: 7.781 loading class org/gradle/internal/service/scopes/BuildScopeServiceRegistryFactory
Event: 7.781 loading class org/gradle/internal/service/scopes/BuildScopeServiceRegistryFactory done
Event: 7.790 loading class org/gradle/initialization/DefaultGradlePropertiesLoader
Event: 7.790 loading class org/gradle/initialization/DefaultGradlePropertiesLoader done


Dynamic libraries:
0x00007ff6be1a0000 - 0x00007ff6be1da000 	C:\Users\Abhi\.jdks\corretto-1.8.0_382\bin\java.exe
0x00007ffdbb0d0000 - 0x00007ffdbb2c8000 	C:\Windows\SYSTEM32\ntdll.dll
0x00007ffdbab50000 - 0x00007ffdbac0f000 	C:\Windows\System32\KERNEL32.DLL
0x00007ffdb89a0000 - 0x00007ffdb8c96000 	C:\Windows\System32\KERNELBASE.dll
0x00007ffdbafe0000 - 0x00007ffdbb08f000 	C:\Windows\System32\ADVAPI32.dll
0x00007ffdbaf40000 - 0x00007ffdbafde000 	C:\Windows\System32\msvcrt.dll
0x00007ffdba220000 - 0x00007ffdba2bc000 	C:\Windows\System32\sechost.dll
0x00007ffdba3a0000 - 0x00007ffdba4c6000 	C:\Windows\System32\RPCRT4.dll
0x00007ffdb9a40000 - 0x00007ffdb9bdd000 	C:\Windows\System32\USER32.dll
0x00007ffdb88b0000 - 0x00007ffdb88d2000 	C:\Windows\System32\win32u.dll
0x00007ffdbad60000 - 0x00007ffdbad8c000 	C:\Windows\System32\GDI32.dll
0x00007ffdb8eb0000 - 0x00007ffdb8fc5000 	C:\Windows\System32\gdi32full.dll
0x00007ffdb8d60000 - 0x00007ffdb8dfd000 	C:\Windows\System32\msvcp_win.dll
0x00007ffdb87b0000 - 0x00007ffdb88b0000 	C:\Windows\System32\ucrtbase.dll
0x00007ffda6800000 - 0x00007ffda6a9a000 	C:\Windows\WinSxS\amd64_microsoft.windows.common-controls_6595b64144ccf1df_6.0.19041.1110_none_60b5254171f9507e\COMCTL32.dll
0x00007ffdbac10000 - 0x00007ffdbac40000 	C:\Windows\System32\IMM32.DLL
0x00007ffd9a8d0000 - 0x00007ffd9a9bf000 	C:\Users\Abhi\.jdks\corretto-1.8.0_382\jre\bin\msvcr120.dll
0x00007ffd9a820000 - 0x00007ffd9a8c6000 	C:\Users\Abhi\.jdks\corretto-1.8.0_382\jre\bin\msvcp120.dll
0x00000000572d0000 - 0x0000000057b45000 	C:\Users\Abhi\.jdks\corretto-1.8.0_382\jre\bin\server\jvm.dll
0x00007ffdb9a30000 - 0x00007ffdb9a38000 	C:\Windows\System32\PSAPI.DLL
0x00007ffda4750000 - 0x00007ffda4777000 	C:\Windows\SYSTEM32\WINMM.dll
0x00007ffdb3a50000 - 0x00007ffdb3a59000 	C:\Windows\SYSTEM32\WSOCK32.dll
0x00007ffdaa2f0000 - 0x00007ffdaa2fa000 	C:\Windows\SYSTEM32\VERSION.dll
0x00007ffdba330000 - 0x00007ffdba39b000 	C:\Windows\System32\WS2_32.dll
0x00007ffdb3480000 - 0x00007ffdb348f000 	C:\Users\Abhi\.jdks\corretto-1.8.0_382\jre\bin\verify.dll
0x00007ffd9ab40000 - 0x00007ffd9ab69000 	C:\Users\Abhi\.jdks\corretto-1.8.0_382\jre\bin\java.dll
0x00007ffdadb10000 - 0x00007ffdadb27000 	C:\Users\Abhi\.jdks\corretto-1.8.0_382\jre\bin\zip.dll
0x00007ffdb92e0000 - 0x00007ffdb9a24000 	C:\Windows\System32\SHELL32.dll
0x00007ffdb6830000 - 0x00007ffdb6fc3000 	C:\Windows\SYSTEM32\windows.storage.dll
0x00007ffdb9ec0000 - 0x00007ffdba214000 	C:\Windows\System32\combase.dll
0x00007ffdb8130000 - 0x00007ffdb815e000 	C:\Windows\SYSTEM32\Wldp.dll
0x00007ffdbae70000 - 0x00007ffdbaf1d000 	C:\Windows\System32\SHCORE.dll
0x00007ffdba2d0000 - 0x00007ffdba325000 	C:\Windows\System32\shlwapi.dll
0x00007ffdb86f0000 - 0x00007ffdb870f000 	C:\Windows\SYSTEM32\profapi.dll
0x00007ffda38e0000 - 0x00007ffda38fa000 	C:\Users\Abhi\.jdks\corretto-1.8.0_382\jre\bin\net.dll
0x00007ffdb7f10000 - 0x00007ffdb7f7a000 	C:\Windows\system32\mswsock.dll
0x00007ffda38c0000 - 0x00007ffda38d2000 	C:\Users\Abhi\.jdks\corretto-1.8.0_382\jre\bin\nio.dll
0x00007ffda4c40000 - 0x00007ffda4c5e000 	C:\Users\Abhi\.gradle\native\25\windows-amd64\native-platform.dll
0x00007ffdb84c0000 - 0x00007ffdb84d8000 	C:\Windows\SYSTEM32\CRYPTSP.dll
0x00007ffdb77e0000 - 0x00007ffdb7814000 	C:\Windows\system32\rsaenh.dll
0x00007ffdb88e0000 - 0x00007ffdb8907000 	C:\Windows\System32\bcrypt.dll
0x00007ffdb86b0000 - 0x00007ffdb86de000 	C:\Windows\SYSTEM32\USERENV.dll
0x00007ffdb8910000 - 0x00007ffdb8992000 	C:\Windows\System32\bcryptprimitives.dll
0x00007ffdb80a0000 - 0x00007ffdb80ac000 	C:\Windows\SYSTEM32\CRYPTBASE.dll
0x00007ffdb7bd0000 - 0x00007ffdb7c0c000 	C:\Windows\SYSTEM32\IPHLPAPI.DLL
0x00007ffdb9c40000 - 0x00007ffdb9c48000 	C:\Windows\System32\NSI.dll
0x00007ffdb1800000 - 0x00007ffdb1817000 	C:\Windows\SYSTEM32\dhcpcsvc6.DLL
0x00007ffdb1ec0000 - 0x00007ffdb1edd000 	C:\Windows\SYSTEM32\dhcpcsvc.DLL
0x00007ffdb7c20000 - 0x00007ffdb7ceb000 	C:\Windows\SYSTEM32\DNSAPI.dll
0x00007ffd9ae90000 - 0x00007ffd9ae9d000 	C:\Users\Abhi\.jdks\corretto-1.8.0_382\jre\bin\management.dll

VM Arguments:
jvm_args: -XX:MaxPermSize=256m -XX:+HeapDumpOnOutOfMemoryError -Xmx1024m -Dfile.encoding=UTF-8 -Duser.country=IN -Duser.language=en -Duser.variant 
java_command: org.gradle.launcher.daemon.bootstrap.GradleDaemon 3.5
java_class_path (initial): C:\Users\Abhi\.gradle\wrapper\dists\gradle-3.5-bin\daoimhu7k5rlo48ntmxw2ok3e\gradle-3.5\lib\gradle-launcher-3.5.jar
Launcher Type: SUN_STANDARD

Environment Variables:
PATH=C:\Program Files\Java\jdk-17\bin;C:\Program Files\Git\cmd;C:\Program Files\nodejs\;C:\ProgramData\chocolatey\bin;C:\Program Files (x86)\Groovy\bin;C:\Program Files\grails-5.3.3\bin;;C:\Program Files\Docker\Docker\resources\bin;C:\Users\Abhi\AppData\Local\Microsoft\WindowsApps;C:\Program Files\Java\jdk-17\bin;C:\Program Files\Git\bin;C:\Program Files\Git\cmd;C:\Users\Abhi\AppData\Local\Programs\Microsoft VS Code\bin;C:\Users\Abhi\AppData\Roaming\npm;C:\Program Files\grails-5.3.3\bin;;C:\Program Files\JetBrains\IntelliJ IDEA 2023.2.2\bin;
USERNAME=Abhi
OS=Windows_NT
PROCESSOR_IDENTIFIER=Intel64 Family 6 Model 69 Stepping 1, GenuineIntel



---------------  S Y S T E M  ---------------

OS: Windows 10 , 64 bit Build 19041 (10.0.19041.2913)

CPU:total 4 (initial active 4) (2 cores per cpu, 2 threads per core) family 6 model 69 stepping 1, cmov, cx8, fxsr, mmx, sse, sse2, sse3, ssse3, sse4.1, sse4.2, popcnt, avx, avx2, aes, clmul, erms, lzcnt, ht, tsc, tscinvbit, bmi1, bmi2

Memory: 4k page, physical 2556032k(85800k free), swap 10420352k(5140k free)

vm_info: OpenJDK 64-Bit Server VM (25.382-b05) for windows-amd64 JRE (1.8.0_382-b05), built on Jul 14 2023 19:32:03 by "Administrator" with MS VC++ 12.0 (VS2013)

time: Tue Sep 26 17:36:47 2023
timezone: Sri Lanka Standard Time
elapsed time: 7.937641 seconds (0d 0h 0m 7s)

